\BOOKMARK [1][-]{section.1}{M\346ngder og s\346t}{}
\BOOKMARK [2][-]{subsection.1.1}{Intersection}{section.1}
\BOOKMARK [2][-]{subsection.1.2}{Union}{section.1}
\BOOKMARK [2][-]{subsection.1.3}{Complements}{section.1}
\BOOKMARK [2][-]{subsection.1.4}{Andre regler}{section.1}
\BOOKMARK [1][-]{section.2}{Heltal}{}
\BOOKMARK [2][-]{subsection.2.1}{GCD}{section.2}
\BOOKMARK [3][-]{subsubsection.2.1.1}{Euklids algoritme}{subsection.2.1}
\BOOKMARK [2][-]{subsection.2.2}{LCM}{section.2}
\BOOKMARK [2][-]{subsection.2.3}{Basen}{section.2}
\BOOKMARK [2][-]{subsection.2.4}{Primfactoresering}{section.2}
\BOOKMARK [1][-]{section.3}{Matricer}{}
\BOOKMARK [2][-]{subsection.3.1}{Produkt}{section.3}
\BOOKMARK [2][-]{subsection.3.2}{Sum}{section.3}
\BOOKMARK [2][-]{subsection.3.3}{Boolske matricer}{section.3}
\BOOKMARK [3][-]{subsubsection.3.3.1}{OR}{subsection.3.3}
\BOOKMARK [3][-]{subsubsection.3.3.2}{AND}{subsection.3.3}
\BOOKMARK [3][-]{subsubsection.3.3.3}{Boolsk produkt}{subsection.3.3}
\BOOKMARK [1][-]{section.4}{Logik}{}
\BOOKMARK [2][-]{subsection.4.1}{Regneregler}{section.4}
\BOOKMARK [3][-]{subsubsection.4.1.1}{Boolske udtryk}{subsection.4.1}
\BOOKMARK [3][-]{subsubsection.4.1.2}{S\346tninger og regler}{subsection.4.1}
\BOOKMARK [2][-]{subsection.4.2}{Metoder for beviser}{section.4}
\BOOKMARK [1][-]{section.5}{Sandsynlighedsregning}{}
\BOOKMARK [2][-]{subsection.5.1}{Permutationer og kombinationer}{section.5}
\BOOKMARK [2][-]{subsection.5.2}{Sandsynlighed}{section.5}
\BOOKMARK [2][-]{subsection.5.3}{Recurrens relationer}{section.5}
\BOOKMARK [1][-]{section.6}{Kapitel 4 og frem..}{}
